<?xml version="1.0" encoding="UTF-8"?>
<testsuites name="jest tests" tests="1" failures="0" errors="0" time="1.92">
  <testsuite name="mcp-client-jupyter-chat" errors="0" failures="0" skipped="0" timestamp="2025-02-01T19:40:26" time="1.419" tests="1">
    <testcase classname="mcp-client-jupyter-chat should be tested" name="mcp-client-jupyter-chat should be tested" time="0.001">
    </testcase>
  </testsuite>
</testsuites>